C51 COMPILER V9.01   C                                                                     11/28/2018 18:53:57 PAGE 1   


C51 COMPILER V9.01, COMPILATION OF MODULE C
OBJECT MODULE PLACED IN c.OBJ
COMPILER INVOKED BY: D:\keill\C51\BIN\C51.EXE c.c BROWSE DEBUG OBJECTEXTEND

line level    source

   1          #include<reg51.h>
   2          #define uint unsigned int
   3          #define uchar unsigned char
   4          sbit SW=P3^0;
   5          void delay_1ms(uint);//延时子程序
   6          main()
   7          {
   8   1          while(1){
   9   2              SW=1;
  10   2              if(SW==1){
  11   3                  P0=0x00;P2=0x01;//点亮P0.0,熄灭P2.0
  12   3                  delay_1ms(1000);//调用延时一秒子程序
  13   3                  P0=0x01;P2=0x00;//熄灭P0.0,点亮P2.0
  14   3                  delay_1ms(1000);//调用延时1s的子程序
  15   3              }
  16   2              else{
  17   3                  P0=0x00;P2=0x00;//点亮P0.0 and P2.0
  18   3                  delay_1ms(1000);//调用延时1s的子程序
  19   3                  P0=0x01;P2=0x01;//熄灭P0.0和P2.0
  20   3                  delay_1ms(1000);//调用延时一秒的子程序
  21   3              }
  22   2          }
  23   1      }
  24          
  25          //================延时一秒的子程序===========================
  26          void delay_1ms(uint x)
  27          {
  28   1          uchar j;
  29   1          while(x--){
  30   2              for(j=0;j<120;j++);//空语句循环体
  31   2          }
  32   1      }


MODULE INFORMATION:   STATIC OVERLAYABLE
   CODE SIZE        =     67    ----
   CONSTANT SIZE    =   ----    ----
   XDATA SIZE       =   ----    ----
   PDATA SIZE       =   ----    ----
   DATA SIZE        =   ----    ----
   IDATA SIZE       =   ----    ----
   BIT SIZE         =   ----    ----
END OF MODULE INFORMATION.


C51 COMPILATION COMPLETE.  0 WARNING(S),  0 ERROR(S)
