C51 COMPILER V9.01   LED1                                                                  11/15/2018 19:41:35 PAGE 1   


C51 COMPILER V9.01, COMPILATION OF MODULE LED1
OBJECT MODULE PLACED IN LED1.OBJ
COMPILER INVOKED BY: D:\keill\C51\BIN\C51.EXE LED1.c BROWSE DEBUG OBJECTEXTEND

line level    source

   1          #include<reg51.h>
   2          sbit LED=P1^0;
   3          void main()
   4          {
   5   1              while(1)
   6   1              {
   7   2              LED=0;
   8   2              }
   9   1      }


MODULE INFORMATION:   STATIC OVERLAYABLE
   CODE SIZE        =      4    ----
   CONSTANT SIZE    =   ----    ----
   XDATA SIZE       =   ----    ----
   PDATA SIZE       =   ----    ----
   DATA SIZE        =   ----    ----
   IDATA SIZE       =   ----    ----
   BIT SIZE         =   ----    ----
END OF MODULE INFORMATION.


C51 COMPILATION COMPLETE.  0 WARNING(S),  0 ERROR(S)
